<?xml version="1.0" encoding="UTF-8"?>
<testng-results skipped="0" failed="0" ignored="0" total="1" passed="1">
  <reporter-output>
  </reporter-output>
  <suite name="Suite" duration-ms="60078" started-at="2020-07-11T22:46:48 GMT+03:00" finished-at="2020-07-11T22:47:48 GMT+03:00">
    <groups>
    </groups>
    <test name="Test" duration-ms="60078" started-at="2020-07-11T22:46:48 GMT+03:00" finished-at="2020-07-11T22:47:48 GMT+03:00">
      <class name="com.assingement.java.Assingement">
        <test-method status="PASS" signature="Demoqa()[pri:0, instance:com.assingement.java.Assingement@6500df86]" name="Demoqa" duration-ms="60030" started-at="2020-07-11T22:46:48 GMT+03:00" finished-at="2020-07-11T22:47:48 GMT+03:00">
          <reporter-output>
          </reporter-output>
        </test-method> <!-- Demoqa -->
      </class> <!-- com.assingement.java.Assingement -->
    </test> <!-- Test -->
  </suite> <!-- Suite -->
</testng-results>
